<?xml version="1.0" encoding="UTF-8"?>
<!-- Generated by org.testng.reporters.JUnitReportReporter -->
<testsuite skipped="0" hostname="ICare-Asif-1.local" name="ElementsNG" tests="2" failures="0" timestamp="16 Mar 2019 20:06:04 GMT" time="2.353" errors="0">
  <testcase name="testRadioYes" time="0.251" classname="ElementsNG"/>
  <testcase name="testRadioNo" time="2.102" classname="ElementsNG"/>
</testsuite> <!-- ElementsNG -->
