<?xml version="1.0" encoding="UTF-8"?>
<!-- Generated by org.testng.reporters.JUnitReportReporter -->
<testsuite skipped="0" hostname="ICare-Asif-1.local" name="demopkg.ElementsNG" tests="1" failures="0" timestamp="16 Mar 2019 20:19:49 GMT" time="0.763" errors="0">
  <testcase name="testRadioNo" time="0.763" classname="demopkg.ElementsNG"/>
</testsuite> <!-- demopkg.ElementsNG -->
